c:\users\ruttan\desktop\classenv\projects\ogrebilliards\project0\debug\vc120.pdb
c:\users\ruttan\desktop\classenv\projects\ogrebilliards\project0\debug\vc120.idb
c:\users\ruttan\desktop\classenv\projects\ogrebilliards\project0\debug\dynamiclines.obj
c:\users\ruttan\desktop\classenv\projects\ogrebilliards\project0\debug\dynamicrenderable.obj
c:\users\ruttan\desktop\classenv\projects\ogrebilliards\project0\debug\project0.obj
c:\users\ike_8\documents\github\ogrebilliards\ogrebilliards\project0\debug\vc140.pdb
c:\users\ike_8\documents\github\ogrebilliards\ogrebilliards\project0\debug\vc140.idb
c:\users\ike_8\documents\github\ogrebilliards\ogrebilliards\project0\debug\dynamiclines.obj
c:\users\ike_8\documents\github\ogrebilliards\ogrebilliards\project0\debug\dynamicrenderable.obj
c:\users\ike_8\documents\github\ogrebilliards\ogrebilliards\project0\debug\project0.obj
c:\users\ruttan\desktop\classenv\projects\ogrebilliards\debug\project0.ilk
c:\users\ruttan\desktop\classenv\projects\ogrebilliards\debug\project0.exe
c:\users\ruttan\desktop\classenv\projects\ogrebilliards\debug\project0.pdb
c:\users\ike_8\documents\github\ogrebilliards\ogrebilliards\project0\debug\debugdraw.obj
c:\users\ike_8\documents\github\ogrebilliards\ogrebilliards\project0\debug\dynamiclinedrawer.obj
c:\users\ike_8\documents\github\ogrebilliards\ogrebilliards\project0\debug\vc120.idb
c:\users\ike_8\documents\github\ogrebilliards\ogrebilliards\project0\debug\vc120.pdb
c:\users\ike_8\desktop\classenv10\build9\bin\debug\project0.pdb
c:\users\ike_8\documents\github\ogrebilliards\ogrebilliards\project0\debug\project0.tlog\cl.command.1.tlog
c:\users\ike_8\documents\github\ogrebilliards\ogrebilliards\project0\debug\project0.tlog\cl.read.1.tlog
c:\users\ike_8\documents\github\ogrebilliards\ogrebilliards\project0\debug\project0.tlog\cl.write.1.tlog
c:\users\ike_8\documents\github\ogrebilliards\ogrebilliards\project0\debug\project0.tlog\link-cvtres.read.1.tlog
c:\users\ike_8\documents\github\ogrebilliards\ogrebilliards\project0\debug\project0.tlog\link-cvtres.write.1.tlog
c:\users\ike_8\documents\github\ogrebilliards\ogrebilliards\project0\debug\project0.tlog\link-rc.read.1.tlog
c:\users\ike_8\documents\github\ogrebilliards\ogrebilliards\project0\debug\project0.tlog\link-rc.write.1.tlog
c:\users\ike_8\documents\github\ogrebilliards\ogrebilliards\project0\debug\project0.tlog\link.command.1.tlog
c:\users\ike_8\documents\github\ogrebilliards\ogrebilliards\project0\debug\project0.tlog\link.read.1.tlog
c:\users\ike_8\documents\github\ogrebilliards\ogrebilliards\project0\debug\project0.tlog\link.write.1.tlog
